<?xml version="1.0" encoding="UTF-8"?>
<!-- Generated by org.testng.reporters.JUnitReportReporter -->
<testsuite skipped="0" hostname="tinas-MacBook-Pro.local" name="basesetup.BaseSetup" tests="1" failures="0" timestamp="2022-12-18T16:01:00 IST" time="17.372" errors="0">
  <testcase name="loginvalid" time="17.372" classname="basesetup.BaseSetup"/>
  <system-out/>
</testsuite> <!-- basesetup.BaseSetup -->
