<?xml version="1.0" encoding="UTF-8"?>
<!-- Generated by org.testng.reporters.JUnitReportReporter -->
<testsuite skipped="2" hostname="tinas-MacBook-Pro.local" name="testcases.Flight_testcases" tests="5" failures="0" timestamp="2022-12-21T22:08:29 IST" time="14.407" errors="0">
  <testcase name="loginvalid" time="7.471" classname="testcases.Flight_testcases"/>
  <system-out/>
  <testcase name="bookingvalid" time="4.998" classname="testcases.Flight_testcases"/>
  <system-out/>
  <testcase name="datevalid" time="1.938" classname="testcases.Flight_testcases"/>
  <system-out/>
  <testcase name="enquiry" classname="testcases.Flight_testcases">
    <skipped/>
  </testcase> <!-- enquiry -->
  <system-out/>
  <testcase name="submit_butt" classname="testcases.Flight_testcases">
    <skipped/>
  </testcase> <!-- submit_butt -->
  <system-out/>
</testsuite> <!-- testcases.Flight_testcases -->
